<?xml version="1.0" encoding="UTF-8"?>
<!-- Generated by org.testng.reporters.JUnitReportReporter -->
<testsuite skipped="0" hostname="Admin-PC" name="basicprogrammestestng.Sample1" tests="3" failures="0" timestamp="2023-01-04T20:54:13 IST" time="0.017" errors="0">
  <testcase name="c_compose" time="0.002" classname="basicprogrammestestng.Sample1"/>
  <system-out/>
  <testcase name="a_signup" time="0.012" classname="basicprogrammestestng.Sample1"/>
  <system-out/>
  <testcase name="b_login" time="0.003" classname="basicprogrammestestng.Sample1"/>
  <system-out/>
</testsuite> <!-- basicprogrammestestng.Sample1 -->
