<?xml version="1.0" encoding="UTF-8"?>
<!-- Generated by org.testng.reporters.JUnitReportReporter -->
<testsuite skipped="0" hostname="Admin-PC" name="basicprogrammestestng.Example1" tests="3" failures="0" timestamp="2023-01-04T20:44:25 IST" time="0.020" errors="0">
  <testcase name="testcase3" time="0.003" classname="basicprogrammestestng.Example1"/>
  <system-out/>
  <testcase name="testcase1" time="0.014" classname="basicprogrammestestng.Example1"/>
  <system-out/>
  <testcase name="testcase2" time="0.003" classname="basicprogrammestestng.Example1"/>
  <system-out/>
</testsuite> <!-- basicprogrammestestng.Example1 -->
